{"C:/Users/Nasr/Desktop/vuetify-pro-tiptap/src/utils/utils.ts": {"path":"C:/Users/Nasr/Desktop/vuetify-pro-tiptap/src/utils/utils.ts","statementMap":{"0":{"start":{"line":1,"column":38},"end":{"line":10,"column":null}},"1":{"start":{"line":2,"column":2},"end":{"line":2,"column":null}},"2":{"start":{"line":2,"column":14},"end":{"line":2,"column":null}},"3":{"start":{"line":4,"column":17},"end":{"line":4,"column":null}},"4":{"start":{"line":6,"column":14},"end":{"line":6,"column":null}},"5":{"start":{"line":7,"column":15},"end":{"line":7,"column":null}},"6":{"start":{"line":9,"column":2},"end":{"line":9,"column":null}},"7":{"start":{"line":13,"column":2},"end":{"line":13,"column":null}},"8":{"start":{"line":13,"column":17},"end":{"line":13,"column":null}},"9":{"start":{"line":14,"column":2},"end":{"line":14,"column":null}},"10":{"start":{"line":14,"column":17},"end":{"line":14,"column":null}},"11":{"start":{"line":15,"column":2},"end":{"line":15,"column":null}},"12":{"start":{"line":18,"column":24},"end":{"line":18,"column":null}},"13":{"start":{"line":18,"column":61},"end":{"line":18,"column":null}},"14":{"start":{"line":20,"column":24},"end":{"line":20,"column":null}},"15":{"start":{"line":20,"column":61},"end":{"line":20,"column":null}},"16":{"start":{"line":22,"column":25},"end":{"line":22,"column":null}},"17":{"start":{"line":22,"column":63},"end":{"line":22,"column":null}},"18":{"start":{"line":24,"column":26},"end":{"line":24,"column":null}},"19":{"start":{"line":24,"column":65},"end":{"line":24,"column":null}}},"fnMap":{"0":{"name":"(anonymous_0)","decl":{"start":{"line":1,"column":38},"end":{"line":1,"column":39}},"loc":{"start":{"line":1,"column":67},"end":{"line":10,"column":null}}},"1":{"name":"clamp","decl":{"start":{"line":12,"column":16},"end":{"line":12,"column":22}},"loc":{"start":{"line":12,"column":61},"end":{"line":16,"column":null}}},"2":{"name":"(anonymous_2)","decl":{"start":{"line":18,"column":24},"end":{"line":18,"column":25}},"loc":{"start":{"line":18,"column":61},"end":{"line":18,"column":null}}},"3":{"name":"(anonymous_3)","decl":{"start":{"line":20,"column":24},"end":{"line":20,"column":25}},"loc":{"start":{"line":20,"column":61},"end":{"line":20,"column":null}}},"4":{"name":"(anonymous_4)","decl":{"start":{"line":22,"column":25},"end":{"line":22,"column":26}},"loc":{"start":{"line":22,"column":63},"end":{"line":22,"column":null}}},"5":{"name":"(anonymous_5)","decl":{"start":{"line":24,"column":26},"end":{"line":24,"column":27}},"loc":{"start":{"line":24,"column":65},"end":{"line":24,"column":null}}}},"branchMap":{"0":{"loc":{"start":{"line":2,"column":2},"end":{"line":2,"column":null}},"type":"if","locations":[{"start":{"line":2,"column":2},"end":{"line":2,"column":null}},{"start":{"line":2,"column":2},"end":{"line":2,"column":null}}]},"1":{"loc":{"start":{"line":4,"column":17},"end":{"line":4,"column":null}},"type":"cond-expr","locations":[{"start":{"line":4,"column":35},"end":{"line":4,"column":51}},{"start":{"line":4,"column":51},"end":{"line":4,"column":null}}]},"2":{"loc":{"start":{"line":9,"column":16},"end":{"line":9,"column":null}},"type":"binary-expr","locations":[{"start":{"line":9,"column":16},"end":{"line":9,"column":24}},{"start":{"line":9,"column":24},"end":{"line":9,"column":null}}]},"3":{"loc":{"start":{"line":13,"column":2},"end":{"line":13,"column":null}},"type":"if","locations":[{"start":{"line":13,"column":2},"end":{"line":13,"column":null}},{"start":{"line":13,"column":2},"end":{"line":13,"column":null}}]},"4":{"loc":{"start":{"line":14,"column":2},"end":{"line":14,"column":null}},"type":"if","locations":[{"start":{"line":14,"column":2},"end":{"line":14,"column":null}},{"start":{"line":14,"column":2},"end":{"line":14,"column":null}}]}},"s":{"0":1,"1":3,"2":1,"3":2,"4":2,"5":2,"6":2,"7":4,"8":1,"9":3,"10":1,"11":2,"12":1,"13":5,"14":1,"15":3,"16":1,"17":2,"18":1,"19":3},"f":{"0":3,"1":4,"2":5,"3":3,"4":2,"5":3},"b":{"0":[1,2],"1":[1,1],"2":[2,2],"3":[1,3],"4":[1,2]}}
}
